<?xml version="1.0" encoding="UTF-8"?>
<!-- Generated by org.testng.reporters.JUnitReportReporter -->
<testsuite hostname="Huangs-MacBook-Air.local" failures="0" tests="4" name="controllers.NewTest" time="73.445" errors="0" timestamp="2024-08-05T22:01:06 SGT" skipped="0">
  <testcase classname="controllers.NewTest" name="findById" time="27.558"/>
  <system-out/>
  <testcase classname="controllers.NewTest" name="findByClassName" time="11.335"/>
  <system-out/>
  <testcase classname="controllers.NewTest" name="findByCssSelector" time="20.986"/>
  <system-out/>
  <testcase classname="controllers.NewTest" name="findByName" time="13.566"/>
  <system-out/>
</testsuite> <!-- controllers.NewTest -->
